Started GET "/" for 127.0.0.1 at 2023-10-10 09:02:58 +0000
Processing by Rails::WelcomeController#index as HTML
  Rendering /usr/local/rvm/gems/ruby-3.0.5/gems/railties-7.0.8/lib/rails/templates/rails/welcome/index.html.erb
  Rendered /usr/local/rvm/gems/ruby-3.0.5/gems/railties-7.0.8/lib/rails/templates/rails/welcome/index.html.erb (Duration: 2.0ms | Allocations: 931)
Completed 200 OK in 21ms (Views: 7.3ms | ActiveRecord: 0.0ms | Allocations: 10029)


Started GET "/" for 127.0.0.1 at 2023-10-10 09:12:07 +0000
Processing by StaticPagesController#index as HTML
  Rendering layout layouts/application.html.erb
  Rendering static_pages/index.html.erb within layouts/application
  Rendered static_pages/index.html.erb within layouts/application (Duration: 0.3ms | Allocations: 140)
  Rendered layout layouts/application.html.erb (Duration: 369.9ms | Allocations: 91887)
Completed 200 OK in 373ms (Views: 371.6ms | ActiveRecord: 0.0ms | Allocations: 93235)


Started GET "/" for 127.0.0.1 at 2023-10-10 09:12:30 +0000
Processing by StaticPagesController#index as HTML
  Rendering layout layouts/application.html.erb
  Rendering static_pages/index.html.erb within layouts/application
  Rendered static_pages/index.html.erb within layouts/application (Duration: 0.0ms | Allocations: 7)
  Rendered layout layouts/application.html.erb (Duration: 3.4ms | Allocations: 2508)
Completed 200 OK in 5ms (Views: 4.2ms | ActiveRecord: 0.0ms | Allocations: 2845)


Started GET "/" for 127.0.0.1 at 2023-10-10 09:12:42 +0000
Processing by StaticPagesController#index as HTML
  Rendering layout layouts/application.html.erb
  Rendering static_pages/index.html.erb within layouts/application
  Rendered static_pages/index.html.erb within layouts/application (Duration: 0.1ms | Allocations: 7)
  Rendered layout layouts/application.html.erb (Duration: 5.3ms | Allocations: 2284)
Completed 200 OK in 7ms (Views: 6.5ms | ActiveRecord: 0.0ms | Allocations: 2602)


Started GET "/" for 127.0.0.1 at 2023-10-10 09:13:55 +0000
Processing by StaticPagesController#index as HTML
  Rendering layout layouts/application.html.erb
  Rendering static_pages/index.html.erb within layouts/application
  Rendered static_pages/index.html.erb within layouts/application (Duration: 0.5ms | Allocations: 144)
  Rendered layout layouts/application.html.erb (Duration: 5.9ms | Allocations: 3024)
Completed 200 OK in 9ms (Views: 7.8ms | ActiveRecord: 0.0ms | Allocations: 4224)


Started GET "/static_pages/about" for 127.0.0.1 at 2023-10-10 09:15:44 +0000
  
ArgumentError (Missing :controller key on routes definition, please check your routes.):
  
config/routes.rb:3:in `block in <main>'
config/routes.rb:1:in `<main>'
Started GET "/static_pages/about" for 127.0.0.1 at 2023-10-10 09:15:56 +0000
Processing by StaticPagesController#about as HTML
  Rendering layout layouts/application.html.erb
  Rendering static_pages/about.html.erb within layouts/application
  Rendered static_pages/about.html.erb within layouts/application (Duration: 0.4ms | Allocations: 138)
  Rendered layout layouts/application.html.erb (Duration: 10.3ms | Allocations: 14053)
Completed 200 OK in 12ms (Views: 11.3ms | ActiveRecord: 0.0ms | Allocations: 14981)


Started GET "/about" for 127.0.0.1 at 2023-10-10 09:16:46 +0000
  
SyntaxError (/workspaces/AnimalHomeSafe/web_app/AHS/config/routes.rb:3: syntax error, unexpected local variable or method, expecting `end'
  get '/about' to: "static_pages#about"
               ^~
):
  
config/routes.rb:3: syntax error, unexpected local variable or method, expecting `end'
config/routes.rb:3: syntax error, unexpected local variable or method, expecting `end'
Started GET "/about" for 127.0.0.1 at 2023-10-10 09:17:08 +0000
Processing by StaticPagesController#about as HTML
  Rendering layout layouts/application.html.erb
  Rendering static_pages/about.html.erb within layouts/application
  Rendered static_pages/about.html.erb within layouts/application (Duration: 0.1ms | Allocations: 12)
  Rendered layout layouts/application.html.erb (Duration: 11.1ms | Allocations: 14002)
Completed 200 OK in 12ms (Views: 12.0ms | ActiveRecord: 0.0ms | Allocations: 14859)


  [1m[35m (41.2ms)[0m  [1m[35mCREATE TABLE "schema_migrations" ("version" varchar NOT NULL PRIMARY KEY)[0m
  [1m[35m (33.7ms)[0m  [1m[35mCREATE TABLE "ar_internal_metadata" ("key" varchar NOT NULL PRIMARY KEY, "value" varchar, "created_at" datetime(6) NOT NULL, "updated_at" datetime(6) NOT NULL)[0m
  [1m[36mActiveRecord::SchemaMigration Pluck (0.1ms)[0m  [1m[34mSELECT "schema_migrations"."version" FROM "schema_migrations" ORDER BY "schema_migrations"."version" ASC[0m
Migrating to DeviseCreateUsers (20231010172049)
  [1m[36mTRANSACTION (0.1ms)[0m  [1m[36mbegin transaction[0m
  [1m[35m (0.3ms)[0m  [1m[35mCREATE TABLE "users" ("id" integer PRIMARY KEY AUTOINCREMENT NOT NULL, "email" varchar DEFAULT '' NOT NULL, "encrypted_password" varchar DEFAULT '' NOT NULL, "reset_password_token" varchar, "reset_password_sent_at" datetime(6), "remember_created_at" datetime(6), "created_at" datetime(6) NOT NULL, "updated_at" datetime(6) NOT NULL)[0m
  [1m[35m (0.1ms)[0m  [1m[35mCREATE UNIQUE INDEX "index_users_on_email" ON "users" ("email")[0m
  [1m[35m (0.1ms)[0m  [1m[35mCREATE UNIQUE INDEX "index_users_on_reset_password_token" ON "users" ("reset_password_token")[0m
  [1m[36mActiveRecord::SchemaMigration Create (0.2ms)[0m  [1m[32mINSERT INTO "schema_migrations" ("version") VALUES (?)[0m  [["version", "20231010172049"]]
  [1m[36mTRANSACTION (43.0ms)[0m  [1m[36mcommit transaction[0m
  [1m[36mActiveRecord::InternalMetadata Load (0.1ms)[0m  [1m[34mSELECT "ar_internal_metadata".* FROM "ar_internal_metadata" WHERE "ar_internal_metadata"."key" = ? LIMIT ?[0m  [["key", "environment"], ["LIMIT", 1]]
  [1m[36mTRANSACTION (0.0ms)[0m  [1m[36mbegin transaction[0m
  [1m[36mActiveRecord::InternalMetadata Create (0.2ms)[0m  [1m[32mINSERT INTO "ar_internal_metadata" ("key", "value", "created_at", "updated_at") VALUES (?, ?, ?, ?)[0m  [["key", "environment"], ["value", "development"], ["created_at", "2023-10-11 05:08:10.593726"], ["updated_at", "2023-10-11 05:08:10.593726"]]
  [1m[36mTRANSACTION (29.2ms)[0m  [1m[36mcommit transaction[0m
  [1m[36mActiveRecord::SchemaMigration Pluck (0.1ms)[0m  [1m[34mSELECT "schema_migrations"."version" FROM "schema_migrations" ORDER BY "schema_migrations"."version" ASC[0m
Started GET "/about" for 127.0.0.1 at 2023-10-11 05:09:05 +0000
  [1m[36mActiveRecord::SchemaMigration Pluck (0.1ms)[0m  [1m[34mSELECT "schema_migrations"."version" FROM "schema_migrations" ORDER BY "schema_migrations"."version" ASC[0m
Processing by StaticPagesController#about as HTML
  Rendering layout layouts/application.html.erb
  Rendering static_pages/about.html.erb within layouts/application
  Rendered static_pages/about.html.erb within layouts/application (Duration: 0.8ms | Allocations: 456)
  Rendered layout layouts/application.html.erb (Duration: 117.3ms | Allocations: 35201)
Completed 200 OK in 142ms (Views: 119.9ms | ActiveRecord: 0.0ms | Allocations: 43178)


Started GET "/users/sign_up" for 127.0.0.1 at 2023-10-11 05:09:27 +0000
Processing by Devise::RegistrationsController#new as HTML
  Rendering layout layouts/application.html.erb
  Rendering /usr/local/rvm/gems/ruby-3.0.5/gems/devise-4.9.2/app/views/devise/registrations/new.html.erb within layouts/application
  Rendered /usr/local/rvm/gems/ruby-3.0.5/gems/devise-4.9.2/app/views/devise/shared/_error_messages.html.erb (Duration: 0.5ms | Allocations: 296)
  Rendered /usr/local/rvm/gems/ruby-3.0.5/gems/devise-4.9.2/app/views/devise/shared/_links.html.erb (Duration: 0.9ms | Allocations: 793)
  Rendered /usr/local/rvm/gems/ruby-3.0.5/gems/devise-4.9.2/app/views/devise/registrations/new.html.erb within layouts/application (Duration: 19.4ms | Allocations: 5967)
  Rendered layout layouts/application.html.erb (Duration: 22.2ms | Allocations: 8368)
Completed 200 OK in 35ms (Views: 23.8ms | ActiveRecord: 0.4ms | Allocations: 27576)


Started GET "/about_us" for 127.0.0.1 at 2023-10-11 05:25:47 +0000
  
ActionController::RoutingError (No route matches [GET] "/about_us"):
  
Started GET "/about" for 127.0.0.1 at 2023-10-11 05:25:58 +0000
Processing by StaticPagesController#about as HTML
Completed 401 Unauthorized in 2ms (ActiveRecord: 0.0ms | Allocations: 2580)


Started GET "/users/sign_in" for 127.0.0.1 at 2023-10-11 05:25:58 +0000
Processing by Devise::SessionsController#new as HTML
  Rendering layout layouts/application.html.erb
  Rendering /usr/local/rvm/gems/ruby-3.0.5/gems/devise-4.9.2/app/views/devise/sessions/new.html.erb within layouts/application
  Rendered /usr/local/rvm/gems/ruby-3.0.5/gems/devise-4.9.2/app/views/devise/shared/_links.html.erb (Duration: 0.5ms | Allocations: 494)
  Rendered /usr/local/rvm/gems/ruby-3.0.5/gems/devise-4.9.2/app/views/devise/sessions/new.html.erb within layouts/application (Duration: 4.7ms | Allocations: 3033)
  Rendered layout layouts/application.html.erb (Duration: 13.6ms | Allocations: 16677)
Completed 200 OK in 20ms (Views: 14.7ms | ActiveRecord: 0.3ms | Allocations: 21136)


Started GET "/" for 127.0.0.1 at 2023-10-11 05:26:04 +0000
Processing by StaticPagesController#index as HTML
  Rendering layout layouts/application.html.erb
  Rendering static_pages/index.html.erb within layouts/application
  Rendered static_pages/index.html.erb within layouts/application (Duration: 0.5ms | Allocations: 138)
  Rendered layout layouts/application.html.erb (Duration: 7.2ms | Allocations: 2817)
Completed 200 OK in 10ms (Views: 9.1ms | ActiveRecord: 0.0ms | Allocations: 3722)


Started GET "/" for 127.0.0.1 at 2023-10-12 04:30:44 +0000
  [1m[36mActiveRecord::SchemaMigration Pluck (0.1ms)[0m  [1m[34mSELECT "schema_migrations"."version" FROM "schema_migrations" ORDER BY "schema_migrations"."version" ASC[0m
Processing by StaticPagesController#index as HTML
  Rendering layout layouts/application.html.erb
  Rendering static_pages/index.html.erb within layouts/application
  Rendered static_pages/index.html.erb within layouts/application (Duration: 1.3ms | Allocations: 580)
  Rendered layout layouts/application.html.erb (Duration: 131.8ms | Allocations: 35362)
Completed 200 OK in 155ms (Views: 138.7ms | ActiveRecord: 0.0ms | Allocations: 42509)


Started GET "/resources/images/sponsorAnAnimal.avif" for 127.0.0.1 at 2023-10-12 04:30:46 +0000
  
ActionController::RoutingError (No route matches [GET] "/resources/images/sponsorAnAnimal.avif"):
  
Started GET "/resources/images/endangeredAnimalControl.jpg" for 127.0.0.1 at 2023-10-12 04:30:46 +0000
Started GET "/resources/images/strayAnimalsManagement.jpg" for 127.0.0.1 at 2023-10-12 04:30:46 +0000
  
ActionController::RoutingError (No route matches [GET] "/resources/images/strayAnimalsManagement.jpg"):
  
  
ActionController::RoutingError (No route matches [GET] "/resources/images/endangeredAnimalControl.jpg"):
  
Started GET "/resources/images/animalWellBeing.jpg" for 127.0.0.1 at 2023-10-12 04:30:46 +0000
  
ActionController::RoutingError (No route matches [GET] "/resources/images/animalWellBeing.jpg"):
  
Started GET "/" for 127.0.0.1 at 2023-10-12 04:34:35 +0000
Processing by StaticPagesController#index as HTML
  Rendering layout layouts/application.html.erb
  Rendering static_pages/index.html.erb within layouts/application
  Rendered static_pages/index.html.erb within layouts/application (Duration: 0.5ms | Allocations: 272)
  Rendered layout layouts/application.html.erb (Duration: 5.3ms | Allocations: 3338)
Completed 200 OK in 9ms (Views: 7.5ms | ActiveRecord: 0.0ms | Allocations: 4562)


Started GET "/css/landingPage.css" for 127.0.0.1 at 2023-10-12 04:34:36 +0000
  
ActionController::RoutingError (No route matches [GET] "/css/landingPage.css"):
  
Started GET "/resources/images/animalWellBeing.jpg" for 127.0.0.1 at 2023-10-12 04:34:36 +0000
  
ActionController::RoutingError (No route matches [GET] "/resources/images/animalWellBeing.jpg"):
  
Started GET "/resources/images/endangeredAnimalControl.jpg" for 127.0.0.1 at 2023-10-12 04:34:37 +0000
  
ActionController::RoutingError (No route matches [GET] "/resources/images/endangeredAnimalControl.jpg"):
  
Started GET "/resources/images/strayAnimalsManagement.jpg" for 127.0.0.1 at 2023-10-12 04:34:38 +0000
Started GET "/resources/images/sponsorAnAnimal.avif" for 127.0.0.1 at 2023-10-12 04:34:38 +0000
  
ActionController::RoutingError (No route matches [GET] "/resources/images/strayAnimalsManagement.jpg"):
  
  
ActionController::RoutingError (No route matches [GET] "/resources/images/sponsorAnAnimal.avif"):
  
Started GET "/" for 127.0.0.1 at 2023-10-12 04:38:24 +0000
Processing by StaticPagesController#index as HTML
  Rendering layout layouts/application.html.erb
  Rendering static_pages/index.html.erb within layouts/application
  Rendered static_pages/index.html.erb within layouts/application (Duration: 0.4ms | Allocations: 269)
  Rendered layout layouts/application.html.erb (Duration: 17.9ms | Allocations: 8060)
Completed 200 OK in 20ms (Views: 19.6ms | ActiveRecord: 0.0ms | Allocations: 9283)


Started GET "/app/assets/stylesheets/landingPage.css" for 127.0.0.1 at 2023-10-12 04:38:25 +0000
  
ActionController::RoutingError (No route matches [GET] "/app/assets/stylesheets/landingPage.css"):
  
Started GET "/resources/images/animalWellBeing.jpg" for 127.0.0.1 at 2023-10-12 04:38:25 +0000
Started GET "/resources/images/endangeredAnimalControl.jpg" for 127.0.0.1 at 2023-10-12 04:38:25 +0000
  
ActionController::RoutingError (No route matches [GET] "/resources/images/animalWellBeing.jpg"):
  
  
ActionController::RoutingError (No route matches [GET] "/resources/images/endangeredAnimalControl.jpg"):
  
Started GET "/resources/images/strayAnimalsManagement.jpg" for 127.0.0.1 at 2023-10-12 04:38:25 +0000
  
ActionController::RoutingError (No route matches [GET] "/resources/images/strayAnimalsManagement.jpg"):
  
Started GET "/resources/images/sponsorAnAnimal.avif" for 127.0.0.1 at 2023-10-12 04:38:25 +0000
  
ActionController::RoutingError (No route matches [GET] "/resources/images/sponsorAnAnimal.avif"):
  
Started GET "/user/sign_up" for 127.0.0.1 at 2023-10-12 04:41:07 +0000
  
ActionController::RoutingError (No route matches [GET] "/user/sign_up"):
  
Started GET "/users/sign_up" for 127.0.0.1 at 2023-10-12 04:41:13 +0000
Processing by Devise::RegistrationsController#new as HTML
  Rendering layout layouts/application.html.erb
  Rendering /usr/local/rvm/gems/ruby-3.0.5/gems/devise-4.9.2/app/views/devise/registrations/new.html.erb within layouts/application
  Rendered /usr/local/rvm/gems/ruby-3.0.5/gems/devise-4.9.2/app/views/devise/shared/_error_messages.html.erb (Duration: 0.5ms | Allocations: 292)
  Rendered /usr/local/rvm/gems/ruby-3.0.5/gems/devise-4.9.2/app/views/devise/shared/_links.html.erb (Duration: 0.9ms | Allocations: 789)
  Rendered /usr/local/rvm/gems/ruby-3.0.5/gems/devise-4.9.2/app/views/devise/registrations/new.html.erb within layouts/application (Duration: 24.4ms | Allocations: 5208)
  Rendered layout layouts/application.html.erb (Duration: 27.6ms | Allocations: 7672)
Completed 200 OK in 41ms (Views: 29.2ms | ActiveRecord: 0.6ms | Allocations: 27228)


Started POST "/users" for 127.0.0.1 at 2023-10-12 04:43:11 +0000
Processing by Devise::RegistrationsController#create as TURBO_STREAM
  Parameters: {"authenticity_token"=>"[FILTERED]", "user"=>{"email"=>"minankkp2019@gmail.com", "password"=>"[FILTERED]", "password_confirmation"=>"[FILTERED]"}, "commit"=>"Sign up"}
  [1m[36mTRANSACTION (0.1ms)[0m  [1m[36mbegin transaction[0m
  [1m[36mUser Exists? (0.2ms)[0m  [1m[34mSELECT 1 AS one FROM "users" WHERE "users"."email" = ? LIMIT ?[0m  [["email", "minankkp2019@gmail.com"], ["LIMIT", 1]]
  [1m[36mUser Create (0.6ms)[0m  [1m[32mINSERT INTO "users" ("email", "encrypted_password", "reset_password_token", "reset_password_sent_at", "remember_created_at", "created_at", "updated_at") VALUES (?, ?, ?, ?, ?, ?, ?)[0m  [["email", "minankkp2019@gmail.com"], ["encrypted_password", "[FILTERED]"], ["reset_password_token", "[FILTERED]"], ["reset_password_sent_at", "[FILTERED]"], ["remember_created_at", nil], ["created_at", "2023-10-12 04:43:12.012984"], ["updated_at", "2023-10-12 04:43:12.012984"]]
  [1m[36mTRANSACTION (40.4ms)[0m  [1m[36mcommit transaction[0m
Redirected to http://localhost:3000/
Completed 303 See Other in 326ms (ActiveRecord: 41.2ms | Allocations: 12308)


Started GET "/" for 127.0.0.1 at 2023-10-12 04:43:12 +0000
Processing by StaticPagesController#index as TURBO_STREAM
  Rendering layout layouts/application.html.erb
  Rendering static_pages/index.html.erb within layouts/application
  Rendered static_pages/index.html.erb within layouts/application (Duration: 0.0ms | Allocations: 9)
  Rendered layout layouts/application.html.erb (Duration: 3.1ms | Allocations: 2766)
Completed 200 OK in 4ms (Views: 3.6ms | ActiveRecord: 0.0ms | Allocations: 3161)


Started GET "/app/assets/stylesheets/landingPage.css" for 127.0.0.1 at 2023-10-12 04:43:12 +0000
  
ActionController::RoutingError (No route matches [GET] "/app/assets/stylesheets/landingPage.css"):
  
Started GET "/resources/images/animalWellBeing.jpg" for 127.0.0.1 at 2023-10-12 04:43:13 +0000
  
ActionController::RoutingError (No route matches [GET] "/resources/images/animalWellBeing.jpg"):
  
Started GET "/resources/images/endangeredAnimalControl.jpg" for 127.0.0.1 at 2023-10-12 04:43:13 +0000
Started GET "/resources/images/strayAnimalsManagement.jpg" for 127.0.0.1 at 2023-10-12 04:43:13 +0000
Started GET "/resources/images/sponsorAnAnimal.avif" for 127.0.0.1 at 2023-10-12 04:43:13 +0000
  
ActionController::RoutingError (No route matches [GET] "/resources/images/strayAnimalsManagement.jpg"):
  
  
ActionController::RoutingError (No route matches [GET] "/resources/images/endangeredAnimalControl.jpg"):
  
  
ActionController::RoutingError (No route matches [GET] "/resources/images/sponsorAnAnimal.avif"):
  
Started GET "/" for 127.0.0.1 at 2023-10-12 05:16:36 +0000
  [1m[36mActiveRecord::SchemaMigration Pluck (0.1ms)[0m  [1m[34mSELECT "schema_migrations"."version" FROM "schema_migrations" ORDER BY "schema_migrations"."version" ASC[0m
Processing by StaticPagesController#index as HTML
  Rendering layout layouts/application.html.erb
  Rendering static_pages/index.html.erb within layouts/application
  Rendered static_pages/index.html.erb within layouts/application (Duration: 7.4ms | Allocations: 586)
  Rendered layout layouts/application.html.erb (Duration: 77.7ms | Allocations: 41062)
Completed 200 OK in 89ms (Views: 80.0ms | ActiveRecord: 0.0ms | Allocations: 48648)


Started GET "/app/assets/stylesheets/landingPage.css" for 127.0.0.1 at 2023-10-12 05:16:36 +0000
  
ActionController::RoutingError (No route matches [GET] "/app/assets/stylesheets/landingPage.css"):
  
Started GET "/resources/images/animalWellBeing.jpg" for 127.0.0.1 at 2023-10-12 05:16:36 +0000
  
ActionController::RoutingError (No route matches [GET] "/resources/images/animalWellBeing.jpg"):
  
Started GET "/resources/images/endangeredAnimalControl.jpg" for 127.0.0.1 at 2023-10-12 05:16:36 +0000
  
ActionController::RoutingError (No route matches [GET] "/resources/images/endangeredAnimalControl.jpg"):
  
Started GET "/resources/images/strayAnimalsManagement.jpg" for 127.0.0.1 at 2023-10-12 05:16:37 +0000
Started GET "/resources/images/sponsorAnAnimal.avif" for 127.0.0.1 at 2023-10-12 05:16:37 +0000
  
ActionController::RoutingError (No route matches [GET] "/resources/images/strayAnimalsManagement.jpg"):
  
  
ActionController::RoutingError (No route matches [GET] "/resources/images/sponsorAnAnimal.avif"):
  
Started GET "/" for 127.0.0.1 at 2023-10-12 05:28:44 +0000
  [1m[36mActiveRecord::SchemaMigration Pluck (0.1ms)[0m  [1m[34mSELECT "schema_migrations"."version" FROM "schema_migrations" ORDER BY "schema_migrations"."version" ASC[0m
Processing by StaticPagesController#index as HTML
  Rendering layout layouts/application.html.erb
  Rendering static_pages/index.html.erb within layouts/application
  Rendered static_pages/index.html.erb within layouts/application (Duration: 1.0ms | Allocations: 586)
  Rendered layout layouts/application.html.erb (Duration: 59.9ms | Allocations: 36798)
Completed 200 OK in 71ms (Views: 62.2ms | ActiveRecord: 0.0ms | Allocations: 44385)


Started GET "/app/assets/stylesheets/landingPage.css" for 127.0.0.1 at 2023-10-12 05:28:44 +0000
  
ActionController::RoutingError (No route matches [GET] "/app/assets/stylesheets/landingPage.css"):
  
Started GET "/resources/images/animalWellBeing.jpg" for 127.0.0.1 at 2023-10-12 05:28:44 +0000
  
ActionController::RoutingError (No route matches [GET] "/resources/images/animalWellBeing.jpg"):
  
Started GET "/resources/images/endangeredAnimalControl.jpg" for 127.0.0.1 at 2023-10-12 05:28:45 +0000
Started GET "/resources/images/strayAnimalsManagement.jpg" for 127.0.0.1 at 2023-10-12 05:28:45 +0000
  
ActionController::RoutingError (No route matches [GET] "/resources/images/endangeredAnimalControl.jpg"):
  
Started GET "/resources/images/sponsorAnAnimal.avif" for 127.0.0.1 at 2023-10-12 05:28:45 +0000
  
ActionController::RoutingError (No route matches [GET] "/resources/images/strayAnimalsManagement.jpg"):
  
  
ActionController::RoutingError (No route matches [GET] "/resources/images/sponsorAnAnimal.avif"):
  
